2017-09-15 15:30:22,796 INFO: microblog startup [in E:\coding\PProjects\Тестовые Задания\Est-a-tet\app\__init__.py:40]
2017-09-15 15:33:17,448 INFO: microblog startup [in E:\coding\PProjects\Тестовые Задания\Est-a-tet\app\__init__.py:40]
2017-09-15 16:35:57,814 INFO: microblog startup [in E:\coding\PProjects\Тестовые Задания\Est-a-tet\app\__init__.py:40]
2017-09-15 16:40:38,128 INFO: microblog startup [in E:\coding\PProjects\Тестовые Задания\Est-a-tet\app\__init__.py:40]
2017-09-15 17:05:57,208 INFO: microblog startup [in E:\coding\PProjects\Тестовые Задания\Est-a-tet\app\__init__.py:40]
2017-09-15 17:05:58,696 ERROR: Exception on /index [GET] [in C:\Users\Lacerate\est-a-tet\lib\site-packages\flask\app.py:1560]
Traceback (most recent call last):
  File "C:\Users\Lacerate\est-a-tet\lib\site-packages\flask\app.py", line 1982, in wsgi_app
    response = self.full_dispatch_request()
  File "C:\Users\Lacerate\est-a-tet\lib\site-packages\flask\app.py", line 1614, in full_dispatch_request
    rv = self.handle_user_exception(e)
  File "C:\Users\Lacerate\est-a-tet\lib\site-packages\flask\app.py", line 1517, in handle_user_exception
    reraise(exc_type, exc_value, tb)
  File "C:\Users\Lacerate\est-a-tet\lib\site-packages\flask\_compat.py", line 33, in reraise
    raise value
  File "C:\Users\Lacerate\est-a-tet\lib\site-packages\flask\app.py", line 1612, in full_dispatch_request
    rv = self.dispatch_request()
  File "C:\Users\Lacerate\est-a-tet\lib\site-packages\flask\app.py", line 1598, in dispatch_request
    return self.view_functions[rule.endpoint](**req.view_args)
  File "C:\Users\Lacerate\est-a-tet\lib\site-packages\flask_login\utils.py", line 228, in decorated_view
    return func(*args, **kwargs)
  File "E:\coding\PProjects\Тестовые Задания\Est-a-tet\app\views.py", line 26, in index
    posts=posts)
  File "C:\Users\Lacerate\est-a-tet\lib\site-packages\flask\templating.py", line 134, in render_template
    context, ctx.app)
  File "C:\Users\Lacerate\est-a-tet\lib\site-packages\flask\templating.py", line 116, in _render
    rv = template.render(context)
  File "C:\Users\Lacerate\est-a-tet\lib\site-packages\jinja2\asyncsupport.py", line 76, in render
    return original_render(self, *args, **kwargs)
  File "C:\Users\Lacerate\est-a-tet\lib\site-packages\jinja2\environment.py", line 1008, in render
    return self.environment.handle_exception(exc_info, True)
  File "C:\Users\Lacerate\est-a-tet\lib\site-packages\jinja2\environment.py", line 780, in handle_exception
    reraise(exc_type, exc_value, tb)
  File "C:\Users\Lacerate\est-a-tet\lib\site-packages\jinja2\_compat.py", line 37, in reraise
    raise value.with_traceback(tb)
  File "E:\coding\PProjects\Тестовые Задания\Est-a-tet\app\templates\index.html", line 2, in top-level template code
    {% extends "base.html" %}
  File "E:\coding\PProjects\Тестовые Задания\Est-a-tet\app\templates\base.html", line 27, in top-level template code
    {% block content %}{% endblock %}
  File "E:\coding\PProjects\Тестовые Задания\Est-a-tet\app\templates\index.html", line 7, in block "content"
    {{form.hidden_tag()}}
  File "C:\Users\Lacerate\est-a-tet\lib\site-packages\jinja2\environment.py", line 430, in getattr
    return getattr(obj, attribute)
jinja2.exceptions.UndefinedError: 'form' is undefined
2017-09-15 17:06:04,244 ERROR: Exception on /index [GET] [in C:\Users\Lacerate\est-a-tet\lib\site-packages\flask\app.py:1560]
Traceback (most recent call last):
  File "C:\Users\Lacerate\est-a-tet\lib\site-packages\flask\app.py", line 1982, in wsgi_app
    response = self.full_dispatch_request()
  File "C:\Users\Lacerate\est-a-tet\lib\site-packages\flask\app.py", line 1614, in full_dispatch_request
    rv = self.handle_user_exception(e)
  File "C:\Users\Lacerate\est-a-tet\lib\site-packages\flask\app.py", line 1517, in handle_user_exception
    reraise(exc_type, exc_value, tb)
  File "C:\Users\Lacerate\est-a-tet\lib\site-packages\flask\_compat.py", line 33, in reraise
    raise value
  File "C:\Users\Lacerate\est-a-tet\lib\site-packages\flask\app.py", line 1612, in full_dispatch_request
    rv = self.dispatch_request()
  File "C:\Users\Lacerate\est-a-tet\lib\site-packages\flask\app.py", line 1598, in dispatch_request
    return self.view_functions[rule.endpoint](**req.view_args)
  File "C:\Users\Lacerate\est-a-tet\lib\site-packages\flask_login\utils.py", line 228, in decorated_view
    return func(*args, **kwargs)
  File "E:\coding\PProjects\Тестовые Задания\Est-a-tet\app\views.py", line 26, in index
    posts=posts)
  File "C:\Users\Lacerate\est-a-tet\lib\site-packages\flask\templating.py", line 134, in render_template
    context, ctx.app)
  File "C:\Users\Lacerate\est-a-tet\lib\site-packages\flask\templating.py", line 116, in _render
    rv = template.render(context)
  File "C:\Users\Lacerate\est-a-tet\lib\site-packages\jinja2\asyncsupport.py", line 76, in render
    return original_render(self, *args, **kwargs)
  File "C:\Users\Lacerate\est-a-tet\lib\site-packages\jinja2\environment.py", line 1008, in render
    return self.environment.handle_exception(exc_info, True)
  File "C:\Users\Lacerate\est-a-tet\lib\site-packages\jinja2\environment.py", line 780, in handle_exception
    reraise(exc_type, exc_value, tb)
  File "C:\Users\Lacerate\est-a-tet\lib\site-packages\jinja2\_compat.py", line 37, in reraise
    raise value.with_traceback(tb)
  File "E:\coding\PProjects\Тестовые Задания\Est-a-tet\app\templates\index.html", line 2, in top-level template code
    {% extends "base.html" %}
  File "E:\coding\PProjects\Тестовые Задания\Est-a-tet\app\templates\base.html", line 27, in top-level template code
    {% block content %}{% endblock %}
  File "E:\coding\PProjects\Тестовые Задания\Est-a-tet\app\templates\index.html", line 7, in block "content"
    {{form.hidden_tag()}}
  File "C:\Users\Lacerate\est-a-tet\lib\site-packages\jinja2\environment.py", line 430, in getattr
    return getattr(obj, attribute)
jinja2.exceptions.UndefinedError: 'form' is undefined
2017-09-15 17:06:13,428 INFO: microblog startup [in E:\coding\PProjects\Тестовые Задания\Est-a-tet\app\__init__.py:40]
2017-09-15 17:06:14,643 INFO: microblog startup [in E:\coding\PProjects\Тестовые Задания\Est-a-tet\app\__init__.py:40]
2017-09-15 17:10:36,378 INFO: microblog startup [in E:\coding\PProjects\Тестовые Задания\Est-a-tet\app\__init__.py:40]
2017-09-15 17:12:27,709 INFO: microblog startup [in E:\coding\PProjects\Тестовые Задания\Est-a-tet\app\__init__.py:40]
2017-09-15 17:12:31,460 INFO: microblog startup [in E:\coding\PProjects\Тестовые Задания\Est-a-tet\app\__init__.py:40]
2017-09-15 17:12:32,686 INFO: microblog startup [in E:\coding\PProjects\Тестовые Задания\Est-a-tet\app\__init__.py:40]
2017-09-15 17:12:52,169 INFO: microblog startup [in E:\coding\PProjects\Тестовые Задания\Est-a-tet\app\__init__.py:40]
2017-09-15 17:15:35,009 INFO: microblog startup [in E:\coding\PProjects\Тестовые Задания\Est-a-tet\app\__init__.py:40]
2017-09-15 17:15:47,545 INFO: microblog startup [in E:\coding\PProjects\Тестовые Задания\Est-a-tet\app\__init__.py:40]
2017-09-15 17:15:57,944 INFO: microblog startup [in E:\coding\PProjects\Тестовые Задания\Est-a-tet\app\__init__.py:40]
2017-09-15 17:17:03,753 INFO: microblog startup [in E:\coding\PProjects\Тестовые Задания\Est-a-tet\app\__init__.py:40]
2017-09-15 17:17:20,910 INFO: microblog startup [in E:\coding\PProjects\Тестовые Задания\Est-a-tet\app\__init__.py:40]
2017-09-15 17:17:36,841 INFO: microblog startup [in E:\coding\PProjects\Тестовые Задания\Est-a-tet\app\__init__.py:40]
2017-09-15 17:19:26,311 INFO: microblog startup [in E:\coding\PProjects\Тестовые Задания\Est-a-tet\app\__init__.py:40]
2017-09-15 17:27:11,438 INFO: microblog startup [in E:\coding\PProjects\Тестовые Задания\Est-a-tet\app\__init__.py:40]
2017-09-15 17:27:12,675 INFO: microblog startup [in E:\coding\PProjects\Тестовые Задания\Est-a-tet\app\__init__.py:40]
2017-09-15 17:44:02,631 INFO: microblog startup [in E:\coding\PProjects\Тестовые Задания\Est-a-tet\app\__init__.py:40]
2017-09-15 17:44:13,063 INFO: microblog startup [in E:\coding\PProjects\Тестовые Задания\Est-a-tet\app\__init__.py:40]
2017-09-15 17:44:37,927 INFO: microblog startup [in E:\coding\PProjects\Тестовые Задания\Est-a-tet\app\__init__.py:40]
2017-09-15 17:45:18,852 INFO: microblog startup [in E:\coding\PProjects\Тестовые Задания\Est-a-tet\app\__init__.py:40]
2017-09-15 17:45:39,461 INFO: microblog startup [in E:\coding\PProjects\Тестовые Задания\Est-a-tet\app\__init__.py:40]
2017-09-15 17:45:56,538 INFO: microblog startup [in E:\coding\PProjects\Тестовые Задания\Est-a-tet\app\__init__.py:40]
2017-09-15 17:46:09,234 INFO: microblog startup [in E:\coding\PProjects\Тестовые Задания\Est-a-tet\app\__init__.py:40]
2017-09-15 17:47:20,969 INFO: microblog startup [in E:\coding\PProjects\Тестовые Задания\Est-a-tet\app\__init__.py:40]
2017-09-15 17:47:36,115 INFO: microblog startup [in E:\coding\PProjects\Тестовые Задания\Est-a-tet\app\__init__.py:40]
2017-09-15 17:47:41,996 INFO: microblog startup [in E:\coding\PProjects\Тестовые Задания\Est-a-tet\app\__init__.py:40]
2017-09-15 17:47:47,886 INFO: microblog startup [in E:\coding\PProjects\Тестовые Задания\Est-a-tet\app\__init__.py:40]
2017-09-15 17:48:42,338 INFO: microblog startup [in E:\coding\PProjects\Тестовые Задания\Est-a-tet\app\__init__.py:40]
2017-09-15 17:48:58,408 INFO: microblog startup [in E:\coding\PProjects\Тестовые Задания\Est-a-tet\app\__init__.py:40]
2017-09-15 17:49:14,530 INFO: microblog startup [in E:\coding\PProjects\Тестовые Задания\Est-a-tet\app\__init__.py:40]
2017-09-15 17:51:11,887 INFO: microblog startup [in E:\coding\PProjects\Тестовые Задания\Est-a-tet\app\__init__.py:40]
2017-09-15 17:53:04,949 INFO: microblog startup [in E:\coding\PProjects\Тестовые Задания\Est-a-tet\app\__init__.py:40]
2017-09-15 17:54:28,976 INFO: microblog startup [in E:\coding\PProjects\Тестовые Задания\Est-a-tet\app\__init__.py:40]
2017-09-15 17:54:42,685 INFO: microblog startup [in E:\coding\PProjects\Тестовые Задания\Est-a-tet\app\__init__.py:40]
2017-09-15 18:15:59,195 INFO: microblog startup [in E:\coding\PProjects\Тестовые Задания\Est-a-tet\app\__init__.py:40]
2017-09-15 18:16:43,512 INFO: microblog startup [in E:\coding\PProjects\Тестовые Задания\Est-a-tet\app\__init__.py:40]
2017-09-15 18:18:05,828 INFO: microblog startup [in E:\coding\PProjects\Тестовые Задания\Est-a-tet\app\__init__.py:40]
2017-09-15 18:29:06,766 INFO: microblog startup [in E:\coding\PProjects\Тестовые Задания\Est-a-tet\app\__init__.py:40]
2017-09-15 18:29:46,519 INFO: microblog startup [in E:\coding\PProjects\Тестовые Задания\Est-a-tet\app\__init__.py:40]
2017-09-15 18:30:29,817 INFO: microblog startup [in E:\coding\PProjects\Тестовые Задания\Est-a-tet\app\__init__.py:40]
2017-09-15 18:31:11,589 INFO: microblog startup [in E:\coding\PProjects\Тестовые Задания\Est-a-tet\app\__init__.py:40]
2017-09-15 18:33:47,014 INFO: microblog startup [in E:\coding\PProjects\Тестовые Задания\Est-a-tet\app\__init__.py:40]
2017-09-15 18:33:57,637 INFO: microblog startup [in E:\coding\PProjects\Тестовые Задания\Est-a-tet\app\__init__.py:40]
2017-09-15 18:37:04,201 INFO: microblog startup [in E:\coding\PProjects\Тестовые Задания\Est-a-tet\app\__init__.py:40]
2017-09-15 18:39:27,125 INFO: microblog startup [in E:\coding\PProjects\Тестовые Задания\Est-a-tet\app\__init__.py:40]
2017-09-15 18:43:55,559 INFO: microblog startup [in E:\coding\PProjects\Тестовые Задания\Est-a-tet\app\__init__.py:40]
2017-09-15 18:44:49,324 INFO: microblog startup [in E:\coding\PProjects\Тестовые Задания\Est-a-tet\app\__init__.py:40]
2017-09-15 18:44:59,865 INFO: microblog startup [in E:\coding\PProjects\Тестовые Задания\Est-a-tet\app\__init__.py:40]
2017-09-15 18:46:01,786 INFO: microblog startup [in E:\coding\PProjects\Тестовые Задания\Est-a-tet\app\__init__.py:40]
2017-09-15 18:46:23,673 INFO: microblog startup [in E:\coding\PProjects\Тестовые Задания\Est-a-tet\app\__init__.py:40]
2017-09-15 18:46:38,796 INFO: microblog startup [in E:\coding\PProjects\Тестовые Задания\Est-a-tet\app\__init__.py:40]
2017-09-15 18:47:16,867 INFO: microblog startup [in E:\coding\PProjects\Тестовые Задания\Est-a-tet\app\__init__.py:40]
2017-09-15 18:48:17,167 INFO: microblog startup [in E:\coding\PProjects\Тестовые Задания\Est-a-tet\app\__init__.py:40]
2017-09-15 18:48:28,516 INFO: microblog startup [in E:\coding\PProjects\Тестовые Задания\Est-a-tet\app\__init__.py:40]
2017-09-15 18:51:10,065 INFO: microblog startup [in E:\coding\PProjects\Тестовые Задания\Est-a-tet\app\__init__.py:40]
2017-09-15 19:18:30,944 INFO: microblog startup [in E:\coding\PProjects\Тестовые Задания\Est-a-tet\app\__init__.py:40]
2017-09-15 19:19:03,064 INFO: microblog startup [in E:\coding\PProjects\Тестовые Задания\Est-a-tet\app\__init__.py:40]
2017-09-15 19:19:23,799 INFO: microblog startup [in E:\coding\PProjects\Тестовые Задания\Est-a-tet\app\__init__.py:40]
2017-09-15 19:19:32,072 INFO: microblog startup [in E:\coding\PProjects\Тестовые Задания\Est-a-tet\app\__init__.py:40]
2017-09-15 19:20:54,438 INFO: microblog startup [in E:\coding\PProjects\Тестовые Задания\Est-a-tet\app\__init__.py:40]
2017-09-15 19:22:27,723 INFO: microblog startup [in E:\coding\PProjects\Тестовые Задания\Est-a-tet\app\__init__.py:40]
2017-09-15 19:24:01,448 INFO: microblog startup [in E:\coding\PProjects\Тестовые Задания\Est-a-tet\app\__init__.py:40]
2017-09-15 20:41:41,333 INFO: microblog startup [in E:\coding\PProjects\Тестовые Задания\Est-a-tet\app\__init__.py:42]
2017-09-15 20:42:03,702 INFO: microblog startup [in E:\coding\PProjects\Тестовые Задания\Est-a-tet\app\__init__.py:42]
2017-09-15 20:44:28,526 INFO: microblog startup [in E:\coding\PProjects\Тестовые Задания\Est-a-tet\app\__init__.py:42]
2017-09-15 20:44:47,036 INFO: microblog startup [in E:\coding\PProjects\Тестовые Задания\Est-a-tet\app\__init__.py:42]
2017-09-15 20:47:37,782 INFO: microblog startup [in E:\coding\PProjects\Тестовые Задания\Est-a-tet\app\__init__.py:42]
2017-09-15 20:47:50,639 INFO: microblog startup [in E:\coding\PProjects\Тестовые Задания\Est-a-tet\app\__init__.py:42]
2017-09-15 21:02:51,278 INFO: microblog startup [in E:\coding\PProjects\Тестовые Задания\Est-a-tet\app\__init__.py:42]
2017-09-15 21:02:52,623 INFO: microblog startup [in E:\coding\PProjects\Тестовые Задания\Est-a-tet\app\__init__.py:42]
2017-09-15 21:08:56,684 INFO: microblog startup [in E:\coding\PProjects\Тестовые Задания\Est-a-tet\app\__init__.py:42]
2017-09-15 21:13:49,144 INFO: microblog startup [in E:\coding\PProjects\Тестовые Задания\Est-a-tet\app\__init__.py:42]
2017-09-15 21:16:30,251 INFO: microblog startup [in E:\coding\PProjects\Тестовые Задания\Est-a-tet\app\__init__.py:42]
2017-09-15 21:16:31,611 INFO: microblog startup [in E:\coding\PProjects\Тестовые Задания\Est-a-tet\app\__init__.py:42]
2017-09-15 21:17:05,663 INFO: microblog startup [in E:\coding\PProjects\Тестовые Задания\Est-a-tet\app\__init__.py:42]
2017-09-15 21:19:33,742 INFO: microblog startup [in E:\coding\PProjects\Тестовые Задания\Est-a-tet\app\__init__.py:42]
2017-09-15 21:19:39,752 INFO: microblog startup [in E:\coding\PProjects\Тестовые Задания\Est-a-tet\app\__init__.py:42]
2017-09-15 21:20:59,810 INFO: microblog startup [in E:\coding\PProjects\Тестовые Задания\Est-a-tet\app\__init__.py:42]
2017-09-15 21:22:22,188 INFO: microblog startup [in E:\coding\PProjects\Тестовые Задания\Est-a-tet\app\__init__.py:42]
2017-09-15 21:25:46,745 INFO: microblog startup [in E:\coding\PProjects\Тестовые Задания\Est-a-tet\app\__init__.py:42]
2017-09-15 21:26:06,670 INFO: microblog startup [in E:\coding\PProjects\Тестовые Задания\Est-a-tet\app\__init__.py:42]
2017-09-15 21:26:20,708 INFO: microblog startup [in E:\coding\PProjects\Тестовые Задания\Est-a-tet\app\__init__.py:42]
2017-09-15 21:26:48,724 INFO: microblog startup [in E:\coding\PProjects\Тестовые Задания\Est-a-tet\app\__init__.py:42]
2017-09-15 21:27:50,014 INFO: microblog startup [in E:\coding\PProjects\Тестовые Задания\Est-a-tet\app\__init__.py:42]
2017-09-15 21:28:16,625 INFO: microblog startup [in E:\coding\PProjects\Тестовые Задания\Est-a-tet\app\__init__.py:42]
2017-09-15 21:29:50,866 INFO: microblog startup [in E:\coding\PProjects\Тестовые Задания\Est-a-tet\app\__init__.py:42]
2017-09-15 21:32:12,925 INFO: microblog startup [in E:\coding\PProjects\Тестовые Задания\Est-a-tet\app\__init__.py:42]
2017-09-15 21:33:01,393 INFO: microblog startup [in E:\coding\PProjects\Тестовые Задания\Est-a-tet\app\__init__.py:42]
2017-09-15 21:33:06,218 INFO: microblog startup [in E:\coding\PProjects\Тестовые Задания\Est-a-tet\app\__init__.py:42]
2017-09-15 21:33:44,496 INFO: microblog startup [in E:\coding\PProjects\Тестовые Задания\Est-a-tet\app\__init__.py:42]
2017-09-15 21:34:30,256 INFO: microblog startup [in E:\coding\PProjects\Тестовые Задания\Est-a-tet\app\__init__.py:42]
2017-09-15 21:35:58,060 INFO: microblog startup [in E:\coding\PProjects\Тестовые Задания\Est-a-tet\app\__init__.py:42]
2017-09-15 21:36:55,306 INFO: microblog startup [in E:\coding\PProjects\Тестовые Задания\Est-a-tet\app\__init__.py:42]
2017-09-15 21:45:12,064 INFO: microblog startup [in E:\coding\PProjects\Тестовые Задания\Est-a-tet\app\__init__.py:42]
2017-09-15 21:45:30,872 INFO: microblog startup [in E:\coding\PProjects\Тестовые Задания\Est-a-tet\app\__init__.py:42]
2017-09-15 21:45:41,245 INFO: microblog startup [in E:\coding\PProjects\Тестовые Задания\Est-a-tet\app\__init__.py:42]
2017-09-15 21:45:42,556 INFO: microblog startup [in E:\coding\PProjects\Тестовые Задания\Est-a-tet\app\__init__.py:42]
2017-09-15 21:46:10,775 INFO: microblog startup [in E:\coding\PProjects\Тестовые Задания\Est-a-tet\app\__init__.py:42]
2017-09-15 21:46:23,849 INFO: microblog startup [in E:\coding\PProjects\Тестовые Задания\Est-a-tet\app\__init__.py:42]
2017-09-15 21:46:41,366 INFO: microblog startup [in E:\coding\PProjects\Тестовые Задания\Est-a-tet\app\__init__.py:42]
2017-09-15 21:46:59,868 INFO: microblog startup [in E:\coding\PProjects\Тестовые Задания\Est-a-tet\app\__init__.py:42]
2017-09-15 21:47:13,896 INFO: microblog startup [in E:\coding\PProjects\Тестовые Задания\Est-a-tet\app\__init__.py:42]
2017-09-15 21:47:28,481 INFO: microblog startup [in E:\coding\PProjects\Тестовые Задания\Est-a-tet\app\__init__.py:42]
2017-09-15 21:47:29,828 INFO: microblog startup [in E:\coding\PProjects\Тестовые Задания\Est-a-tet\app\__init__.py:42]
2017-09-15 21:47:40,679 INFO: microblog startup [in E:\coding\PProjects\Тестовые Задания\Est-a-tet\app\__init__.py:42]
2017-09-15 21:48:05,052 INFO: microblog startup [in E:\coding\PProjects\Тестовые Задания\Est-a-tet\app\__init__.py:42]
2017-09-15 21:48:23,675 INFO: microblog startup [in E:\coding\PProjects\Тестовые Задания\Est-a-tet\app\__init__.py:42]
2017-09-15 21:48:41,300 INFO: microblog startup [in E:\coding\PProjects\Тестовые Задания\Est-a-tet\app\__init__.py:42]
2017-09-15 21:49:12,732 INFO: microblog startup [in E:\coding\PProjects\Тестовые Задания\Est-a-tet\app\__init__.py:42]
2017-09-15 21:49:25,888 INFO: microblog startup [in E:\coding\PProjects\Тестовые Задания\Est-a-tet\app\__init__.py:42]
2017-09-15 21:49:30,830 INFO: microblog startup [in E:\coding\PProjects\Тестовые Задания\Est-a-tet\app\__init__.py:42]
2017-09-16 15:49:11,051 INFO: microblog startup [in E:\coding\PProjects\Тестовые Задания\Est-a-tet\app\__init__.py:42]
2017-09-16 15:49:12,265 INFO: microblog startup [in E:\coding\PProjects\Тестовые Задания\Est-a-tet\app\__init__.py:42]
2017-09-16 16:02:56,159 INFO: microblog startup [in E:\coding\PProjects\Тестовые Задания\Est-a-tet\app\__init__.py:42]
2017-09-16 16:02:59,683 INFO: microblog startup [in E:\coding\PProjects\Тестовые Задания\Est-a-tet\app\__init__.py:42]
2017-09-16 16:05:01,640 INFO: microblog startup [in E:\coding\PProjects\Тестовые Задания\Est-a-tet\app\__init__.py:42]
2017-09-16 16:05:44,464 INFO: microblog startup [in E:\coding\PProjects\Тестовые Задания\Est-a-tet\app\__init__.py:42]
2017-09-16 16:06:45,760 INFO: microblog startup [in E:\coding\PProjects\Тестовые Задания\Est-a-tet\app\__init__.py:42]
2017-09-16 16:08:03,180 INFO: microblog startup [in E:\coding\PProjects\Тестовые Задания\Est-a-tet\app\__init__.py:42]
2017-09-16 16:10:09,227 INFO: microblog startup [in E:\coding\PProjects\Тестовые Задания\Est-a-tet\app\__init__.py:42]
2017-09-16 16:10:27,906 INFO: microblog startup [in E:\coding\PProjects\Тестовые Задания\Est-a-tet\app\__init__.py:42]
2017-09-16 16:13:37,818 INFO: microblog startup [in E:\coding\PProjects\Тестовые Задания\Est-a-tet\app\__init__.py:42]
2017-09-16 16:13:39,118 INFO: microblog startup [in E:\coding\PProjects\Тестовые Задания\Est-a-tet\app\__init__.py:42]
2017-09-16 16:14:35,417 INFO: microblog startup [in E:\coding\PProjects\Тестовые Задания\Est-a-tet\app\__init__.py:42]
2017-09-16 16:15:36,202 INFO: microblog startup [in E:\coding\PProjects\Тестовые Задания\Est-a-tet\app\__init__.py:42]
2017-09-16 16:15:55,837 INFO: microblog startup [in E:\coding\PProjects\Тестовые Задания\Est-a-tet\app\__init__.py:42]
2017-09-16 16:16:16,807 INFO: microblog startup [in E:\coding\PProjects\Тестовые Задания\Est-a-tet\app\__init__.py:42]
2017-09-16 16:20:44,789 INFO: microblog startup [in E:\coding\PProjects\Тестовые Задания\Est-a-tet\app\__init__.py:42]
2017-09-16 16:20:46,113 INFO: microblog startup [in E:\coding\PProjects\Тестовые Задания\Est-a-tet\app\__init__.py:42]
2017-09-16 16:58:54,562 INFO: microblog startup [in E:\coding\PProjects\Тестовые Задания\Est-a-tet\app\__init__.py:43]
2017-09-16 17:02:32,767 INFO: microblog startup [in E:\coding\PProjects\Тестовые Задания\Est-a-tet\app\__init__.py:43]
2017-09-16 17:02:34,084 INFO: microblog startup [in E:\coding\PProjects\Тестовые Задания\Est-a-tet\app\__init__.py:43]
2017-09-16 17:03:49,281 INFO: microblog startup [in E:\coding\PProjects\Тестовые Задания\Est-a-tet\app\__init__.py:43]
2017-09-16 17:05:08,601 INFO: microblog startup [in E:\coding\PProjects\Тестовые Задания\Est-a-tet\app\__init__.py:43]
2017-09-16 17:05:09,896 INFO: microblog startup [in E:\coding\PProjects\Тестовые Задания\Est-a-tet\app\__init__.py:43]
2017-09-16 17:59:32,826 INFO: microblog startup [in E:\coding\PProjects\Тестовые Задания\Est-a-tet\app\__init__.py:43]
2017-09-16 18:21:38,981 INFO: microblog startup [in E:\coding\PProjects\Тестовые Задания\Est-a-tet\app\__init__.py:43]
2017-09-16 18:22:52,026 INFO: microblog startup [in E:\coding\PProjects\Тестовые Задания\Est-a-tet\app\__init__.py:45]
2017-09-16 18:23:56,104 INFO: microblog startup [in E:\coding\PProjects\Тестовые Задания\Est-a-tet\app\__init__.py:45]
2017-09-16 18:24:07,872 INFO: microblog startup [in E:\coding\PProjects\Тестовые Задания\Est-a-tet\app\__init__.py:45]
2017-09-16 18:24:26,550 INFO: microblog startup [in E:\coding\PProjects\Тестовые Задания\Est-a-tet\app\__init__.py:45]
2017-09-16 18:25:27,147 INFO: microblog startup [in E:\coding\PProjects\Тестовые Задания\Est-a-tet\app\__init__.py:45]
2017-09-16 18:25:32,125 INFO: microblog startup [in E:\coding\PProjects\Тестовые Задания\Est-a-tet\app\__init__.py:45]
2017-09-16 18:27:39,021 INFO: microblog startup [in E:\coding\PProjects\Тестовые Задания\Est-a-tet\app\__init__.py:45]
2017-09-16 18:31:27,084 INFO: microblog startup [in E:\coding\PProjects\Тестовые Задания\Est-a-tet\app\__init__.py:45]
2017-09-16 18:31:39,855 INFO: microblog startup [in E:\coding\PProjects\Тестовые Задания\Est-a-tet\app\__init__.py:45]
2017-09-16 18:32:21,070 INFO: microblog startup [in E:\coding\PProjects\Тестовые Задания\Est-a-tet\app\__init__.py:45]
2017-09-16 18:32:59,150 INFO: microblog startup [in E:\coding\PProjects\Тестовые Задания\Est-a-tet\app\__init__.py:45]
2017-09-16 18:33:56,415 INFO: microblog startup [in E:\coding\PProjects\Тестовые Задания\Est-a-tet\app\__init__.py:45]
2017-09-16 18:34:33,054 INFO: microblog startup [in E:\coding\PProjects\Тестовые Задания\Est-a-tet\app\__init__.py:45]
2017-09-16 18:35:35,224 INFO: microblog startup [in E:\coding\PProjects\Тестовые Задания\Est-a-tet\app\__init__.py:45]
2017-09-16 18:46:40,943 INFO: microblog startup [in E:\coding\PProjects\Тестовые Задания\Est-a-tet\app\__init__.py:45]
2017-09-16 18:46:42,136 INFO: microblog startup [in E:\coding\PProjects\Тестовые Задания\Est-a-tet\app\__init__.py:45]
2017-09-16 18:47:50,231 INFO: microblog startup [in E:\coding\PProjects\Тестовые Задания\Est-a-tet\app\__init__.py:45]
2017-09-16 18:47:52,753 INFO: microblog startup [in E:\coding\PProjects\Тестовые Задания\Est-a-tet\app\__init__.py:45]
2017-09-16 18:50:07,624 INFO: microblog startup [in E:\coding\PProjects\Тестовые Задания\Est-a-tet\app\__init__.py:45]
2017-09-16 18:50:26,118 INFO: microblog startup [in E:\coding\PProjects\Тестовые Задания\Est-a-tet\app\__init__.py:45]
2017-09-16 18:51:09,703 INFO: microblog startup [in E:\coding\PProjects\Тестовые Задания\Est-a-tet\app\__init__.py:45]
2017-09-16 18:51:20,222 INFO: microblog startup [in E:\coding\PProjects\Тестовые Задания\Est-a-tet\app\__init__.py:45]
2017-09-16 18:51:31,917 INFO: microblog startup [in E:\coding\PProjects\Тестовые Задания\Est-a-tet\app\__init__.py:45]
2017-09-16 18:51:44,722 INFO: microblog startup [in E:\coding\PProjects\Тестовые Задания\Est-a-tet\app\__init__.py:45]
2017-09-16 18:53:28,509 INFO: microblog startup [in E:\coding\PProjects\Тестовые Задания\Est-a-tet\app\__init__.py:45]
2017-09-16 18:53:59,589 INFO: microblog startup [in E:\coding\PProjects\Тестовые Задания\Est-a-tet\app\__init__.py:45]
2017-09-16 18:54:05,562 INFO: microblog startup [in E:\coding\PProjects\Тестовые Задания\Est-a-tet\app\__init__.py:45]
2017-09-16 18:54:39,000 INFO: microblog startup [in E:\coding\PProjects\Тестовые Задания\Est-a-tet\app\__init__.py:45]
2017-09-16 18:54:50,677 INFO: microblog startup [in E:\coding\PProjects\Тестовые Задания\Est-a-tet\app\__init__.py:45]
2017-09-16 19:35:29,810 INFO: microblog startup [in E:\coding\PProjects\Тестовые Задания\Est-a-tet\app\__init__.py:45]
2017-09-16 19:36:17,086 INFO: microblog startup [in E:\coding\PProjects\Тестовые Задания\Est-a-tet\app\__init__.py:45]
2017-09-16 19:36:25,294 INFO: microblog startup [in E:\coding\PProjects\Тестовые Задания\Est-a-tet\app\__init__.py:45]
2017-09-16 19:36:27,764 INFO: microblog startup [in E:\coding\PProjects\Тестовые Задания\Est-a-tet\app\__init__.py:45]
2017-09-16 19:36:36,005 INFO: microblog startup [in E:\coding\PProjects\Тестовые Задания\Est-a-tet\app\__init__.py:45]
2017-09-16 19:36:44,152 INFO: microblog startup [in E:\coding\PProjects\Тестовые Задания\Est-a-tet\app\__init__.py:45]
2017-09-16 19:37:16,495 INFO: microblog startup [in E:\coding\PProjects\Тестовые Задания\Est-a-tet\app\__init__.py:45]
2017-09-16 19:37:33,767 INFO: microblog startup [in E:\coding\PProjects\Тестовые Задания\Est-a-tet\app\__init__.py:45]
2017-09-16 19:37:46,646 INFO: microblog startup [in E:\coding\PProjects\Тестовые Задания\Est-a-tet\app\__init__.py:45]
2017-09-16 19:38:00,694 INFO: microblog startup [in E:\coding\PProjects\Тестовые Задания\Est-a-tet\app\__init__.py:45]
2017-09-16 19:38:38,765 INFO: microblog startup [in E:\coding\PProjects\Тестовые Задания\Est-a-tet\app\__init__.py:45]
2017-09-16 19:39:06,413 INFO: microblog startup [in E:\coding\PProjects\Тестовые Задания\Est-a-tet\app\__init__.py:45]
2017-09-16 19:40:45,394 INFO: microblog startup [in E:\coding\PProjects\Тестовые Задания\Est-a-tet\app\__init__.py:45]
2017-09-16 19:40:57,157 INFO: microblog startup [in E:\coding\PProjects\Тестовые Задания\Est-a-tet\app\__init__.py:45]
2017-09-16 19:47:39,696 INFO: microblog startup [in E:\coding\PProjects\Тестовые Задания\Est-a-tet\app\__init__.py:45]
2017-09-16 19:48:13,282 INFO: microblog startup [in E:\coding\PProjects\Тестовые Задания\Est-a-tet\app\__init__.py:45]
2017-09-16 19:48:20,291 INFO: microblog startup [in E:\coding\PProjects\Тестовые Задания\Est-a-tet\app\__init__.py:45]
2017-09-16 19:48:47,759 INFO: microblog startup [in E:\coding\PProjects\Тестовые Задания\Est-a-tet\app\__init__.py:45]
2017-09-16 21:50:41,852 INFO: microblog startup [in E:\coding\PProjects\Тестовые Задания\Est-a-tet\app\__init__.py:45]
2017-09-16 21:52:45,656 INFO: microblog startup [in E:\coding\PProjects\Тестовые Задания\Est-a-tet\app\__init__.py:45]
2017-09-16 21:53:55,856 INFO: microblog startup [in E:\coding\PProjects\Тестовые Задания\Est-a-tet\app\__init__.py:45]
2017-09-16 21:55:59,354 INFO: microblog startup [in E:\coding\PProjects\Тестовые Задания\Est-a-tet\app\__init__.py:45]
2017-09-16 21:56:20,157 INFO: microblog startup [in E:\coding\PProjects\Тестовые Задания\Est-a-tet\app\__init__.py:45]
2017-09-16 21:56:47,766 INFO: microblog startup [in E:\coding\PProjects\Тестовые Задания\Est-a-tet\app\__init__.py:45]
2017-09-16 21:59:35,607 INFO: microblog startup [in E:\coding\PProjects\Тестовые Задания\Est-a-tet\app\__init__.py:45]
2017-09-16 21:59:59,888 INFO: microblog startup [in E:\coding\PProjects\Тестовые Задания\Est-a-tet\app\__init__.py:45]
2017-09-16 22:03:39,862 INFO: microblog startup [in E:/coding/PProjects/Тестовые Задания/Est-a-tet\app\__init__.py:45]
2017-09-16 22:03:42,129 INFO: microblog startup [in E:/coding/PProjects/Тестовые Задания/Est-a-tet\app\__init__.py:45]
2017-09-16 22:21:05,045 INFO: microblog startup [in E:/coding/PProjects/Тестовые Задания/Est-a-tet\app\__init__.py:45]
